2026-03-19 10:30:03 WARNING  [static_analyzer:31] Unsupported programming language: HTML. Skipping.
2026-03-19 10:30:03 WARNING  [static_analyzer:31] Unsupported programming language: JSON. Skipping.
2026-03-19 10:30:03 WARNING  [static_analyzer.typescript_config_scanner:50] No TypeScript configuration files found in /home/pablo/cyberops-v2
2026-03-19 10:30:03 INFO     [static_analyzer:57] No TypeScript config files found, using repository root
2026-03-19 10:30:03 WARNING  [static_analyzer.typescript_config_scanner:50] No TypeScript configuration files found in /home/pablo/cyberops-v2
2026-03-19 10:30:03 INFO     [static_analyzer:57] No TypeScript config files found, using repository root
2026-03-19 10:30:03 INFO     [static_analyzer:141] Starting LSP client for JavaScript
2026-03-19 10:30:03 INFO     [static_analyzer.lsp_client.typescript_client:44] node_modules found at: /home/pablo/cyberops-v2/node_modules
2026-03-19 10:30:03 INFO     [static_analyzer.lsp_client.client:139] Starting server /usr/share/code/code /home/pablo/.codeboarding/servers/node_modules/typescript-language-server/lib/cli.mjs --stdio --log-level=2...
2026-03-19 10:30:03 INFO     [static_analyzer.lsp_client.typescript_client:57] Initializing connection for javascript...
2026-03-19 10:30:03 INFO     [static_analyzer.lsp_client.typescript_client:88] Initialization successful.
2026-03-19 10:30:04 INFO     [static_analyzer.lsp_client.typescript_client:115] Found 52 TypeScript/JavaScript files
2026-03-19 10:30:04 INFO     [static_analyzer.lsp_client.typescript_client:156] Found configuration file: /home/pablo/cyberops-v2/package.json
2026-03-19 10:30:04 INFO     [static_analyzer.lsp_client.typescript_client:167] Opening sample files to bootstrap TypeScript project...
2026-03-19 10:30:04 INFO     [static_analyzer.lsp_client.typescript_client:186] Waiting 5s for TypeScript server to initialize project...
2026-03-19 10:30:09 INFO     [static_analyzer.lsp_client.typescript_client:191] TypeScript project successfully loaded!
2026-03-19 10:30:09 INFO     [static_analyzer.lsp_client.client:460] Sending workspace configuration for javascript...
2026-03-19 10:30:09 INFO     [static_analyzer.lsp_client.client:468] Workspace configuration sent for javascript
2026-03-19 10:30:09 INFO     [static_analyzer:141] Starting LSP client for TypeScript
2026-03-19 10:30:09 INFO     [static_analyzer.lsp_client.typescript_client:44] node_modules found at: /home/pablo/cyberops-v2/node_modules
2026-03-19 10:30:09 INFO     [static_analyzer.lsp_client.client:139] Starting server /usr/share/code/code /home/pablo/.codeboarding/servers/node_modules/typescript-language-server/lib/cli.mjs --stdio --log-level=2...
2026-03-19 10:30:09 INFO     [static_analyzer.lsp_client.typescript_client:57] Initializing connection for typescript...
2026-03-19 10:30:09 INFO     [static_analyzer.lsp_client.typescript_client:88] Initialization successful.
2026-03-19 10:30:09 INFO     [static_analyzer.lsp_client.typescript_client:115] Found 52 TypeScript/JavaScript files
2026-03-19 10:30:09 INFO     [static_analyzer.lsp_client.typescript_client:156] Found configuration file: /home/pablo/cyberops-v2/package.json
2026-03-19 10:30:09 INFO     [static_analyzer.lsp_client.typescript_client:167] Opening sample files to bootstrap TypeScript project...
2026-03-19 10:30:09 INFO     [static_analyzer.lsp_client.typescript_client:186] Waiting 5s for TypeScript server to initialize project...
2026-03-19 10:30:14 INFO     [static_analyzer.lsp_client.typescript_client:191] TypeScript project successfully loaded!
2026-03-19 10:30:14 INFO     [static_analyzer.lsp_client.client:460] Sending workspace configuration for typescript...
2026-03-19 10:30:14 INFO     [static_analyzer.lsp_client.client:468] Workspace configuration sent for typescript
2026-03-19 10:30:14 INFO     [codeboarding_pro.session:108] Session 79804ed1-7ce5-4e80-8302-c2d2cb942704 initialized: repo=/home/pablo/cyberops-v2, project=cyberops-v2, output=/home/pablo/cyberops-v2/.codeboarding
